0000028a T BoardFlashEraseChip
00000254 T BoardFlashEraseSector
0000011c T BoardFlashInit
00000160 T BoardFlashRead
000002a8 T BoardFlashSleep
000002c4 T BoardFlashWake
000001e8 T BoardFlashWrite
000002f0 T PlatformDelayUsec
00010328 T __bss_end__
00010328 T __bss_start
00010328 T __bss_start__
00010328 T __data_start
00010328 T __end__
00010328 T _bss_end__
00010328 T _edata
00010328 T _end
00080000 N _stack
00000068 t boardFlashCheckId
000000b8 t boardFlashEna
00000038 t boardFlashSpiCs
00000000 t boardFlashSpiTr
000000e8 t boardFlashWaitWhileBusy
000000a0 t boardFlashWriteEnable
000002e8 t mainBootJump
00000306 T mainLoadImg
